2021.01.12 17:53:27 INFO  Started: Metals version 0.9.8 in workspace 'C:\Users\Frank\Desktop\TFG proyecto\backend\tfg-backend' for client vscode.
2021.01.12 17:53:27 INFO  time: initialize in 0.49s
2021.01.12 17:53:28 WARN  Build server is not auto-connectable.
2021.01.12 17:53:28 WARN  no build tool detected in workspace 'C:\Users\Frank\Desktop\TFG proyecto\backend\tfg-backend'. The most common cause for this problem is that the editor was opened in the wrong working directory, for example if you use sbt then the workspace directory should contain build.sbt. 
2021.01.12 20:41:44 INFO  shutting down Metals
[0m2021.02.06 10:33:23 INFO  Started: Metals version 0.9.10 in workspace 'C:\Users\Frank\Desktop\TFG proyecto\backend\tfg-backend' for client vscode 1.53.0.[0m
[0m2021.02.06 10:33:24 INFO  time: initialize in 0.51s[0m
[0m2021.02.06 10:33:24 WARN  resetting database: C:\Users\Frank\Desktop\TFG proyecto\backend\tfg-backend\.metals\metals.h2.db[0m
[0m2021.02.06 10:33:24 WARN  Build server is not auto-connectable.[0m
[0m2021.02.06 10:33:24 WARN  no build tool detected in workspace 'C:\Users\Frank\Desktop\TFG proyecto\backend\tfg-backend'. The most common cause for this problem is that the editor was opened in the wrong working directory, for example if you use sbt then the workspace directory should contain build.sbt. [0m
[0m2021.02.06 20:33:57 INFO  shutting down Metals[0m
[0m2021.03.04 18:35:07 INFO  Started: Metals version 0.10.0 in workspace 'C:\Users\Frank\Desktop\TFG proyecto\backend\tfg-backend' for client vscode 1.53.2.[0m
[0m2021.03.04 18:35:08 INFO  time: initialize in 0.54s[0m
[0m2021.03.04 18:35:08 WARN  Build server is not auto-connectable.[0m
[0m2021.03.04 18:35:08 WARN  no build tool detected in workspace 'C:\Users\Frank\Desktop\TFG proyecto\backend\tfg-backend'. The most common cause for this problem is that the editor was opened in the wrong working directory, for example if you use sbt then the workspace directory should contain build.sbt. [0m
[0m2021.03.04 22:12:27 INFO  shutting down Metals[0m
[0m2021.03.31 11:58:23 INFO  Started: Metals version 0.10.0 in workspace 'C:\Users\Frank\Desktop\TFG proyecto\backend\tfg-backend' for client vscode 1.54.3.[0m
[0m2021.03.31 11:58:24 INFO  time: initialize in 0.81s[0m
[0m2021.03.31 11:58:24 WARN  Build server is not auto-connectable.[0m
[0m2021.03.31 11:58:24 WARN  no build tool detected in workspace 'C:\Users\Frank\Desktop\TFG proyecto\backend\tfg-backend'. The most common cause for this problem is that the editor was opened in the wrong working directory, for example if you use sbt then the workspace directory should contain build.sbt. [0m
[0m2021.03.31 13:19:03 INFO  shutting down Metals[0m
